[debug] [2023-09-30T15:10:59.902Z] ----------------------------------------------------------------------
[debug] [2023-09-30T15:10:59.904Z] Command:       C:\Program Files\nodejs\node.exe C:\Users\ratho\AppData\Roaming\npm\node_modules\firebase-tools\lib\bin\firebase.js init
[debug] [2023-09-30T15:10:59.904Z] CLI Version:   12.6.1
[debug] [2023-09-30T15:10:59.904Z] Platform:      win32
[debug] [2023-09-30T15:10:59.905Z] Node Version:  v18.16.0
[debug] [2023-09-30T15:10:59.905Z] Time:          Sat Sep 30 2023 20:40:59 GMT+0530 (India Standard Time)
[debug] [2023-09-30T15:10:59.906Z] ----------------------------------------------------------------------
[debug] 
[debug] [2023-09-30T15:10:59.910Z] >>> [apiv2][query] GET https://firebase-public.firebaseio.com/cli.json [none]
[debug] [2023-09-30T15:10:59.963Z] > command requires scopes: ["email","openid","https://www.googleapis.com/auth/cloudplatformprojects.readonly","https://www.googleapis.com/auth/firebase","https://www.googleapis.com/auth/cloud-platform"]
[debug] [2023-09-30T15:10:59.963Z] > authorizing via signed-in user (ijrdodeveloper22@gmail.com)
[info] 
     ######## #### ########  ######## ########     ###     ######  ########
     ##        ##  ##     ## ##       ##     ##  ##   ##  ##       ##
     ######    ##  ########  ######   ########  #########  ######  ######
     ##        ##  ##    ##  ##       ##     ## ##     ##       ## ##
     ##       #### ##     ## ######## ########  ##     ##  ######  ########

You're about to initialize a Firebase project in this directory:

  C:\Users\ratho\Desktop\todo-firebase

[debug] [2023-09-30T15:11:00.611Z] <<< [apiv2][status] GET https://firebase-public.firebaseio.com/cli.json 200
[debug] [2023-09-30T15:11:00.612Z] <<< [apiv2][body] GET https://firebase-public.firebaseio.com/cli.json {"cloudBuildErrorAfter":1594252800000,"cloudBuildWarnAfter":1590019200000,"defaultNode10After":1594252800000,"minVersion":"3.0.5","node8DeploysDisabledAfter":1613390400000,"node8RuntimeDisabledAfter":1615809600000,"node8WarnAfter":1600128000000}
